[2023-04-25 12:19:08,859] numexpr.utils - INFO - NumExpr defaulting to 8 threads.
[2023-04-25 12:19:13,614] root - INFO - Training Pipeline Config: TrainingPipelineConfig(artifact_dir='C:\\Users\\Sumeet Maheshwari\\Desktop\\end to end project\\credit_score_prediction\\credit_score_classification\\Credit_score_Classification\\artifact')
[2023-04-25 12:19:13,614] root - INFO - 
******************** Initiating the Training Pipeline ********************


[2023-04-25 12:19:13,614] root - INFO - Data Ingestion Config : DataIngestionConfig(dataset_download_url='https://github.com/sumeet0701/credit_score_classification/blob/main/dataset/dataset_clean.zip?raw=true', tgz_download_dir='C:\\Users\\Sumeet Maheshwari\\Desktop\\end to end project\\credit_score_prediction\\credit_score_classification\\Credit_score_Classification\\artifact\\data_ingestion\\2023-04-25-12-19-08\\tgz_data', raw_data_dir='C:\\Users\\Sumeet Maheshwari\\Desktop\\end to end project\\credit_score_prediction\\credit_score_classification\\Credit_score_Classification\\artifact\\data_ingestion\\2023-04-25-12-19-08\\raw_data', ingested_train_dir='C:\\Users\\Sumeet Maheshwari\\Desktop\\end to end project\\credit_score_prediction\\credit_score_classification\\Credit_score_Classification\\artifact\\data_ingestion\\2023-04-25-12-19-08\\ingested_data\\train', ingested_test_dir='C:\\Users\\Sumeet Maheshwari\\Desktop\\end to end project\\credit_score_prediction\\credit_score_classification\\Credit_score_Classification\\artifact\\data_ingestion\\2023-04-25-12-19-08\\ingested_data\\test') 
[2023-04-25 12:19:13,615] root - INFO - 
******************** Data Ingestion log started ********************

[2023-04-25 12:19:13,621] root - INFO - Connection with DB created successfully!!!
[2023-04-25 12:19:13,622] root - INFO - Downloading file from: [https://github.com/sumeet0701/credit_score_classification/blob/main/dataset/dataset_clean.zip?raw=true] into : [C:\Users\Sumeet Maheshwari\Desktop\end to end project\credit_score_prediction\credit_score_classification\Credit_score_Classification\artifact\data_ingestion\2023-04-25-12-19-08\tgz_data\rental_bike_data.zip]
[2023-04-25 12:19:22,268] root - INFO - File: [C:\Users\Sumeet Maheshwari\Desktop\end to end project\credit_score_prediction\credit_score_classification\Credit_score_Classification\artifact\data_ingestion\2023-04-25-12-19-08\tgz_data\rental_bike_data.zip] has been downloaded successfully
[2023-04-25 12:19:22,269] root - INFO - Extracting zipped file : [C:\Users\Sumeet Maheshwari\Desktop\end to end project\credit_score_prediction\credit_score_classification\Credit_score_Classification\artifact\data_ingestion\2023-04-25-12-19-08\tgz_data\rental_bike_data.zip] into dir: [C:\Users\Sumeet Maheshwari\Desktop\end to end project\credit_score_prediction\credit_score_classification\Credit_score_Classification\artifact\data_ingestion\2023-04-25-12-19-08\raw_data]
[2023-04-25 12:19:22,365] root - INFO - Extraction completed successfully
[2023-04-25 12:19:23,847] root - INFO - Inserting file: [clean_df.csv] into DB
[2023-04-25 12:19:23,847] root - INFO - Inserting data into database:[Credit_score_DB] in collection: [Credit_score_data]
[2023-04-25 12:19:26,296] root - INFO - Insertion into DB is successful!!! 
[2023-04-25 12:19:26,296] root - INFO - Fetching entire data from DB
[2023-04-25 12:19:27,928] root - INFO - Data Fetched from collection: [None] successfully!!!
[2023-04-25 12:19:27,955] root - INFO - Entire data fetched successfully from DB!!!
[2023-04-25 12:19:27,955] root - INFO - Splitting Dataset into train and test
[2023-04-25 12:19:27,984] root - INFO - total no of columns:22 and rows:80000
[2023-04-25 12:19:27,985] root - INFO - total no of columns:22 and rows:20000
[2023-04-25 12:19:27,985] root - INFO - Inserting new Training Data into DB
[2023-04-25 12:19:28,732] root - INFO - Inserting data into database:[Credit_score_DB] in collection: [Credit_score_data]
[2023-04-25 12:19:30,625] root - INFO - Insertion into DB is successful!!! 
[2023-04-25 12:19:30,678] root - INFO - Inserting new Test Data into DB
[2023-04-25 12:19:30,863] root - INFO - Inserting data into database:[Credit_score_DB] in collection: [Credit_score_data]
[2023-04-25 12:19:31,282] root - INFO - Insertion into DB is successful!!! 
[2023-04-25 12:19:31,296] root - INFO - Exporting training dataset to file: [C:\Users\Sumeet Maheshwari\Desktop\end to end project\credit_score_prediction\credit_score_classification\Credit_score_Classification\artifact\data_ingestion\2023-04-25-12-19-08\ingested_data\train\train.csv]
[2023-04-25 12:19:32,351] root - INFO - Exporting test dataset to file: [C:\Users\Sumeet Maheshwari\Desktop\end to end project\credit_score_prediction\credit_score_classification\Credit_score_Classification\artifact\data_ingestion\2023-04-25-12-19-08\ingested_data\test\test.csv]
[2023-04-25 12:19:32,600] root - INFO - Data Ingestion Artifact: [DataIngestionArtifact(train_file_path='C:\\Users\\Sumeet Maheshwari\\Desktop\\end to end project\\credit_score_prediction\\credit_score_classification\\Credit_score_Classification\\artifact\\data_ingestion\\2023-04-25-12-19-08\\ingested_data\\train\\train.csv', test_file_path='C:\\Users\\Sumeet Maheshwari\\Desktop\\end to end project\\credit_score_prediction\\credit_score_classification\\Credit_score_Classification\\artifact\\data_ingestion\\2023-04-25-12-19-08\\ingested_data\\test\\test.csv', is_ingested=True, message='Data ingestion completed successfully')]
[2023-04-25 12:19:32,712] root - INFO - 
******************** Data Ingestion log completed ********************

[2023-04-25 12:19:32,713] root - INFO - Data Validation config: DataValidationConfig(schema_file_path='C:\\Users\\Sumeet Maheshwari\\Desktop\\end to end project\\credit_score_prediction\\credit_score_classification\\config\\schema.yaml', report_file_path='C:\\Users\\Sumeet Maheshwari\\Desktop\\end to end project\\credit_score_prediction\\credit_score_classification\\report.json', report_page_file_path='C:\\Users\\Sumeet Maheshwari\\Desktop\\end to end project\\credit_score_prediction\\credit_score_classification\\report.html')
[2023-04-25 12:19:32,713] root - INFO - 
******************** Data Validation log started ********************

[2023-04-25 12:19:32,717] root - INFO - Validating the schema of the dataset
[2023-04-25 12:19:32,717] root - INFO - Checking File Name
[2023-04-25 12:19:33,010] root - INFO - total no of columns:28 and rows:100000
[2023-04-25 12:19:33,010] root - INFO - ['ID', 'Customer_ID', 'Month', 'Name', 'Age', 'SSN', 'Occupation', 'Annual_Income', 'Monthly_Inhand_Salary', 'Num_Bank_Accounts', 'Num_Credit_Card', 'Interest_Rate', 'Num_of_Loan', 'Type_of_Loan', 'Delay_from_due_date', 'Num_of_Delayed_Payment', 'Changed_Credit_Limit', 'Num_Credit_Inquiries', 'Credit_Mix', 'Outstanding_Debt', 'Credit_Utilization_Ratio', 'Credit_History_Age', 'Payment_of_Min_Amount', 'Total_EMI_per_month', 'Amount_invested_monthly', 'Payment_Behaviour', 'Monthly_Balance', 'Credit_Score']
[2023-04-25 12:19:33,011] root - ERROR - 
                        error occured in script: 
                        [C:\Users\Sumeet Maheshwari\Desktop\end to end project\credit_score_prediction\credit_score_classification\credit_score\pipeline\training_pipeline.py] at 
                        try block line number: [51] execption block line number: [55]
                        error message: [
                        error occured in script: 
                        [C:\Users\Sumeet Maheshwari\Desktop\end to end project\credit_score_prediction\credit_score_classification\credit_score\pipeline\training_pipeline.py] at 
                        try block line number: [42] execption block line number: [44]
                        error message: [
                        error occured in script: 
                        [C:\Users\Sumeet Maheshwari\Desktop\end to end project\credit_score_prediction\credit_score_classification\credit_score\components\data_validation.py] at 
                        try block line number: [270] execption block line number: [284]
                        error message: [
                        error occured in script: 
                        [C:\Users\Sumeet Maheshwari\Desktop\end to end project\credit_score_prediction\credit_score_classification\credit_score\components\data_validation.py] at 
                        try block line number: [214] execption block line number: [222]
                        error message: [
                        error occured in script: 
                        [C:\Users\Sumeet Maheshwari\Desktop\end to end project\credit_score_prediction\credit_score_classification\credit_score\components\data_validation.py] at 
                        try block line number: [187] execption block line number: [202]
                        error message: [Column :[Total_EMI_per_month] in file: [C:\Users\Sumeet Maheshwari\Desktop\end to end project\credit_score_prediction\credit_score_classification\Credit_score_Classification\artifact\data_ingestion\2023-04-25-12-19-08\raw_data\dataset_clean\clean_df.csv] not available in the Schema!!!]]]]]
[2023-04-25 12:19:33,016] root - INFO - 
******************** Data Validation log completed ********************

[2023-04-25 12:19:33,016] root - INFO - 
******************** Training Pipeline Complete ********************


