[2023-04-26 20:01:02,296] numexpr.utils - INFO - NumExpr defaulting to 8 threads.
[2023-04-26 20:01:12,157] root - INFO - Training Pipeline Config: TrainingPipelineConfig(artifact_dir='C:\\Users\\Sumeet Maheshwari\\Desktop\\end to end project\\credit_score_prediction\\credit_score_classification\\Credit_score_Classification\\artifact')
[2023-04-26 20:01:12,157] root - INFO - 
******************** Initiating the Training Pipeline ********************


[2023-04-26 20:01:12,158] root - INFO - Data Ingestion Config : DataIngestionConfig(dataset_download_url='https://github.com/sumeet0701/credit_score_classification/blob/main/dataset/dataset_clean.zip?raw=true', tgz_download_dir='C:\\Users\\Sumeet Maheshwari\\Desktop\\end to end project\\credit_score_prediction\\credit_score_classification\\Credit_score_Classification\\artifact\\data_ingestion\\2023-04-26-20-01-01\\tgz_data', raw_data_dir='C:\\Users\\Sumeet Maheshwari\\Desktop\\end to end project\\credit_score_prediction\\credit_score_classification\\Credit_score_Classification\\artifact\\data_ingestion\\2023-04-26-20-01-01\\raw_data', ingested_train_dir='C:\\Users\\Sumeet Maheshwari\\Desktop\\end to end project\\credit_score_prediction\\credit_score_classification\\Credit_score_Classification\\artifact\\data_ingestion\\2023-04-26-20-01-01\\ingested_data\\train', ingested_test_dir='C:\\Users\\Sumeet Maheshwari\\Desktop\\end to end project\\credit_score_prediction\\credit_score_classification\\Credit_score_Classification\\artifact\\data_ingestion\\2023-04-26-20-01-01\\ingested_data\\test') 
[2023-04-26 20:01:12,158] root - INFO - 
******************** Data Ingestion log started ********************

[2023-04-26 20:01:12,168] root - INFO - Connection with DB created successfully!!!
[2023-04-26 20:01:12,169] root - INFO - Downloading file from: [https://github.com/sumeet0701/credit_score_classification/blob/main/dataset/dataset_clean.zip?raw=true] into : [C:\Users\Sumeet Maheshwari\Desktop\end to end project\credit_score_prediction\credit_score_classification\Credit_score_Classification\artifact\data_ingestion\2023-04-26-20-01-01\tgz_data\rental_bike_data.zip]
[2023-04-26 20:01:41,196] root - INFO - File: [C:\Users\Sumeet Maheshwari\Desktop\end to end project\credit_score_prediction\credit_score_classification\Credit_score_Classification\artifact\data_ingestion\2023-04-26-20-01-01\tgz_data\rental_bike_data.zip] has been downloaded successfully
[2023-04-26 20:01:41,197] root - INFO - Extracting zipped file : [C:\Users\Sumeet Maheshwari\Desktop\end to end project\credit_score_prediction\credit_score_classification\Credit_score_Classification\artifact\data_ingestion\2023-04-26-20-01-01\tgz_data\rental_bike_data.zip] into dir: [C:\Users\Sumeet Maheshwari\Desktop\end to end project\credit_score_prediction\credit_score_classification\Credit_score_Classification\artifact\data_ingestion\2023-04-26-20-01-01\raw_data]
[2023-04-26 20:01:41,340] root - INFO - Extraction completed successfully
[2023-04-26 20:01:43,711] root - INFO - Inserting file: [clean_df.csv] into DB
[2023-04-26 20:01:43,712] root - INFO - Inserting data into database:[Credit_score_DB] in collection: [Credit_score_data]
[2023-04-26 20:01:48,205] root - INFO - Insertion into DB is successful!!! 
[2023-04-26 20:01:48,205] root - INFO - Fetching entire data from DB
[2023-04-26 20:01:50,917] root - INFO - Data Fetched from collection: [None] successfully!!!
[2023-04-26 20:01:50,959] root - INFO - Entire data fetched successfully from DB!!!
[2023-04-26 20:01:50,959] root - INFO - Splitting Dataset into train and test
[2023-04-26 20:01:51,004] root - INFO - total no of columns:21 and rows:80000
[2023-04-26 20:01:51,004] root - INFO - total no of columns:21 and rows:20000
[2023-04-26 20:01:51,004] root - INFO - Inserting new Training Data into DB
[2023-04-26 20:01:52,205] root - INFO - Inserting data into database:[Credit_score_DB] in collection: [Credit_score_data]
[2023-04-26 20:01:55,913] root - INFO - Insertion into DB is successful!!! 
[2023-04-26 20:01:55,996] root - INFO - Inserting new Test Data into DB
[2023-04-26 20:01:56,248] root - INFO - Inserting data into database:[Credit_score_DB] in collection: [Credit_score_data]
[2023-04-26 20:01:56,989] root - INFO - Insertion into DB is successful!!! 
[2023-04-26 20:01:57,011] root - INFO - Exporting training dataset to file: [C:\Users\Sumeet Maheshwari\Desktop\end to end project\credit_score_prediction\credit_score_classification\Credit_score_Classification\artifact\data_ingestion\2023-04-26-20-01-01\ingested_data\train\train.csv]
[2023-04-26 20:01:58,526] root - INFO - Exporting test dataset to file: [C:\Users\Sumeet Maheshwari\Desktop\end to end project\credit_score_prediction\credit_score_classification\Credit_score_Classification\artifact\data_ingestion\2023-04-26-20-01-01\ingested_data\test\test.csv]
[2023-04-26 20:01:58,899] root - INFO - Data Ingestion Artifact: [DataIngestionArtifact(train_file_path='C:\\Users\\Sumeet Maheshwari\\Desktop\\end to end project\\credit_score_prediction\\credit_score_classification\\Credit_score_Classification\\artifact\\data_ingestion\\2023-04-26-20-01-01\\ingested_data\\train\\train.csv', test_file_path='C:\\Users\\Sumeet Maheshwari\\Desktop\\end to end project\\credit_score_prediction\\credit_score_classification\\Credit_score_Classification\\artifact\\data_ingestion\\2023-04-26-20-01-01\\ingested_data\\test\\test.csv', is_ingested=True, message='Data ingestion completed successfully')]
[2023-04-26 20:01:59,060] root - INFO - 
******************** Data Ingestion log completed ********************

[2023-04-26 20:01:59,061] root - INFO - Data Validation config: DataValidationConfig(schema_file_path='C:\\Users\\Sumeet Maheshwari\\Desktop\\end to end project\\credit_score_prediction\\credit_score_classification\\config\\schema.yaml', report_file_path='C:\\Users\\Sumeet Maheshwari\\Desktop\\end to end project\\credit_score_prediction\\credit_score_classification\\report.json', report_page_file_path='C:\\Users\\Sumeet Maheshwari\\Desktop\\end to end project\\credit_score_prediction\\credit_score_classification\\report.html')
[2023-04-26 20:01:59,061] root - INFO - 
******************** Data Validation log started ********************

[2023-04-26 20:01:59,066] root - INFO - Validating the schema of the dataset
[2023-04-26 20:01:59,067] root - INFO - Checking File Name
[2023-04-26 20:01:59,484] root - INFO - total no of columns:28 and rows:100000
[2023-04-26 20:01:59,484] root - INFO - ['ID', 'Customer_ID', 'Month', 'Name', 'Age', 'SSN', 'Occupation', 'Annual_Income', 'Monthly_Inhand_Salary', 'Num_Bank_Accounts', 'Num_Credit_Card', 'Interest_Rate', 'Num_of_Loan', 'Type_of_Loan', 'Delay_from_due_date', 'Num_of_Delayed_Payment', 'Changed_Credit_Limit', 'Num_Credit_Inquiries', 'Credit_Mix', 'Outstanding_Debt', 'Credit_Utilization_Ratio', 'Credit_History_Age', 'Payment_of_Min_Amount', 'Total_EMI_per_month', 'Amount_invested_monthly', 'Payment_Behaviour', 'Monthly_Balance', 'Credit_Score']
[2023-04-26 20:01:59,503] root - INFO - Schema Validation Completed
[2023-04-26 20:01:59,503] root - INFO - Is dataset schema as per the defined schema? -> True
[2023-04-26 20:01:59,503] root - INFO - Checking if the training and test file is available
[2023-04-26 20:01:59,504] root - INFO - Is train and test file exists?-> True
[2023-04-26 20:01:59,504] root - INFO - Checking for Data Drift
[2023-04-26 20:01:59,504] root - INFO - Generating data drift report.json file
[2023-04-26 20:02:02,853] root - INFO - Report.json file generation successful!!
[2023-04-26 20:02:02,856] root - INFO - Generating data drift report.html page
[2023-04-26 20:02:07,591] root - INFO - Report.html page generation successful!!
[2023-04-26 20:02:07,597] root - INFO - Data validation artifact: DataValidationArtifact(schema_file_path='C:\\Users\\Sumeet Maheshwari\\Desktop\\end to end project\\credit_score_prediction\\credit_score_classification\\config\\schema.yaml', report_file_path='C:\\Users\\Sumeet Maheshwari\\Desktop\\end to end project\\credit_score_prediction\\credit_score_classification\\report.json', report_page_file_path='C:\\Users\\Sumeet Maheshwari\\Desktop\\end to end project\\credit_score_prediction\\credit_score_classification\\report.html', is_validated=True, message='Data Validation performed successfully.')
[2023-04-26 20:02:07,597] root - INFO - 
******************** Data Validation log completed ********************

[2023-04-26 20:02:07,597] root - INFO - Data transformation config: DataTransformationConfig(transformed_train_dir='C:\\Users\\Sumeet Maheshwari\\Desktop\\end to end project\\credit_score_prediction\\credit_score_classification\\Credit_score_Classification\\artifact\\data_transformation\\2023-04-26-20-01-01\\transformed_data\\train', transformed_test_dir='C:\\Users\\Sumeet Maheshwari\\Desktop\\end to end project\\credit_score_prediction\\credit_score_classification\\Credit_score_Classification\\artifact\\data_transformation\\2023-04-26-20-01-01\\transformed_data\\test', preprocessed_object_file_path='C:\\Users\\Sumeet Maheshwari\\Desktop\\end to end project\\credit_score_prediction\\credit_score_classification\\Credit_score_Classification\\artifact\\data_transformation\\2023-04-26-20-01-01\\preprocessed\\preprocessed.pkl')
[2023-04-26 20:02:07,597] root - INFO - >>>>>>>>>>>>>>>>>>>>>>>>>>>>>>>>>>>>>>>>>>>>>>>>>>>>>>>>>>>>Data Transformation log started.<<<<<<<<<<<<<<<<<<<<<<<<<<<<<<<<<<<<<<<<<<<<<<<<<<<<<<<<<<<<
[2023-04-26 20:02:07,597] root - INFO - Obtaining preprocessing object.
[2023-04-26 20:02:07,601] root - INFO - Obtaining training and test file path.
[2023-04-26 20:02:07,601] root - INFO - Loading training and test data as pandas dataframe.
[2023-04-26 20:02:07,928] root - INFO - Age Annual_Income Monthly_Inhand_Salary Interest_Rate Delay_from_due_date Num_of_Delayed_Payment Changed_Credit_Limit Outstanding_Debt Credit_Utilization_Ratio Credit_History_Age Total_EMI_per_month Amount_invested_monthly Monthly_Balance
[2023-04-26 20:02:07,928] root - INFO - Splitting input and target feature from training and testing dataframe.
[2023-04-26 20:02:07,960] root - INFO - Index(['Age', 'Occupation', 'Annual_Income', 'Monthly_Inhand_Salary',
       'Num_Bank_Accounts', 'Num_Credit_Card', 'Interest_Rate', 'Num_of_Loan',
       'Delay_from_due_date', 'Num_of_Delayed_Payment', 'Changed_Credit_Limit',
       'Num_Credit_Inquiries', 'Credit_Mix', 'Outstanding_Debt',
       'Credit_Utilization_Ratio', 'Credit_History_Age', 'Total_EMI_per_month',
       'Amount_invested_monthly', 'Payment_Behaviour', 'Monthly_Balance'],
      dtype='object')
[2023-04-26 20:02:07,961] root - INFO - 0        Standard
1            Good
2            Good
3        Standard
4            Good
           ...   
79995        Good
79996        Poor
79997    Standard
79998    Standard
79999        Poor
Name: Credit_Score, Length: 80000, dtype: object
[2023-04-26 20:02:07,961] root - INFO - Index(['Age', 'Occupation', 'Annual_Income', 'Monthly_Inhand_Salary',
       'Num_Bank_Accounts', 'Num_Credit_Card', 'Interest_Rate', 'Num_of_Loan',
       'Delay_from_due_date', 'Num_of_Delayed_Payment', 'Changed_Credit_Limit',
       'Num_Credit_Inquiries', 'Credit_Mix', 'Outstanding_Debt',
       'Credit_Utilization_Ratio', 'Credit_History_Age', 'Total_EMI_per_month',
       'Amount_invested_monthly', 'Payment_Behaviour', 'Monthly_Balance'],
      dtype='object')
[2023-04-26 20:02:07,962] root - INFO - 0            Good
1            Poor
2            Good
3            Poor
4            Good
           ...   
19995    Standard
19996    Standard
19997        Poor
19998    Standard
19999    Standard
Name: Credit_Score, Length: 20000, dtype: object
[2023-04-26 20:02:07,962] root - INFO - Applying preprocessing object on training dataframe and testing dataframe.
[2023-04-26 20:02:07,962] root - ERROR - 
                        error occured in script: 
                        [C:\Users\Sumeet Maheshwari\Desktop\end to end project\credit_score_prediction\credit_score_classification\credit_score\pipeline\training_pipeline.py] at 
                        try block line number: [69] execption block line number: [73]
                        error message: [
                        error occured in script: 
                        [C:\Users\Sumeet Maheshwari\Desktop\end to end project\credit_score_prediction\credit_score_classification\credit_score\pipeline\training_pipeline.py] at 
                        try block line number: [57] execption block line number: [59]
                        error message: [
                        error occured in script: 
                        [C:\Users\Sumeet Maheshwari\Desktop\end to end project\credit_score_prediction\credit_score_classification\credit_score\components\data_transformation.py] at 
                        try block line number: [160] execption block line number: [201]
                        error message: [A given column is not a column of the dataframe]]]
[2023-04-26 20:02:07,969] root - INFO - >>>>>>>>>>>>>>>>>>>>>>>>>>>>>>>>>>>>>>>>>>>>>>>>>>>>>>>>>>>>Data Transformation log completed.<<<<<<<<<<<<<<<<<<<<<<<<<<<<<<<<<<<<<<<<<<<<<<<<<<<<<<<<<<<< 


[2023-04-26 20:02:07,969] root - INFO - 
******************** Training Pipeline Complete ********************


