[2023-04-26 07:07:35,987] numexpr.utils - INFO - NumExpr defaulting to 8 threads.
[2023-04-26 07:07:41,867] root - INFO - Training Pipeline Config: TrainingPipelineConfig(artifact_dir='C:\\Users\\Sumeet Maheshwari\\Desktop\\end to end project\\credit_score_prediction\\credit_score_classification\\Credit_score_Classification\\artifact')
[2023-04-26 07:07:41,867] root - INFO - 
******************** Initiating the Training Pipeline ********************


[2023-04-26 07:07:41,867] root - INFO - Data Ingestion Config : DataIngestionConfig(dataset_download_url='https://github.com/sumeet0701/credit_score_classification/blob/main/dataset/dataset_clean.zip?raw=true', tgz_download_dir='C:\\Users\\Sumeet Maheshwari\\Desktop\\end to end project\\credit_score_prediction\\credit_score_classification\\Credit_score_Classification\\artifact\\data_ingestion\\2023-04-26-07-07-35\\tgz_data', raw_data_dir='C:\\Users\\Sumeet Maheshwari\\Desktop\\end to end project\\credit_score_prediction\\credit_score_classification\\Credit_score_Classification\\artifact\\data_ingestion\\2023-04-26-07-07-35\\raw_data', ingested_train_dir='C:\\Users\\Sumeet Maheshwari\\Desktop\\end to end project\\credit_score_prediction\\credit_score_classification\\Credit_score_Classification\\artifact\\data_ingestion\\2023-04-26-07-07-35\\ingested_data\\train', ingested_test_dir='C:\\Users\\Sumeet Maheshwari\\Desktop\\end to end project\\credit_score_prediction\\credit_score_classification\\Credit_score_Classification\\artifact\\data_ingestion\\2023-04-26-07-07-35\\ingested_data\\test') 
[2023-04-26 07:07:41,868] root - INFO - 
******************** Data Ingestion log started ********************

[2023-04-26 07:07:41,872] root - INFO - Connection with DB created successfully!!!
[2023-04-26 07:07:41,873] root - INFO - Downloading file from: [https://github.com/sumeet0701/credit_score_classification/blob/main/dataset/dataset_clean.zip?raw=true] into : [C:\Users\Sumeet Maheshwari\Desktop\end to end project\credit_score_prediction\credit_score_classification\Credit_score_Classification\artifact\data_ingestion\2023-04-26-07-07-35\tgz_data\rental_bike_data.zip]
[2023-04-26 07:07:47,437] root - INFO - File: [C:\Users\Sumeet Maheshwari\Desktop\end to end project\credit_score_prediction\credit_score_classification\Credit_score_Classification\artifact\data_ingestion\2023-04-26-07-07-35\tgz_data\rental_bike_data.zip] has been downloaded successfully
[2023-04-26 07:07:47,437] root - INFO - Extracting zipped file : [C:\Users\Sumeet Maheshwari\Desktop\end to end project\credit_score_prediction\credit_score_classification\Credit_score_Classification\artifact\data_ingestion\2023-04-26-07-07-35\tgz_data\rental_bike_data.zip] into dir: [C:\Users\Sumeet Maheshwari\Desktop\end to end project\credit_score_prediction\credit_score_classification\Credit_score_Classification\artifact\data_ingestion\2023-04-26-07-07-35\raw_data]
[2023-04-26 07:07:47,545] root - INFO - Extraction completed successfully
[2023-04-26 07:07:49,350] root - INFO - Inserting file: [clean_df.csv] into DB
[2023-04-26 07:07:49,350] root - INFO - Inserting data into database:[Credit_score_DB] in collection: [Credit_score_data]
[2023-04-26 07:07:52,427] root - INFO - Insertion into DB is successful!!! 
[2023-04-26 07:07:52,427] root - INFO - Fetching entire data from DB
[2023-04-26 07:07:54,310] root - INFO - Data Fetched from collection: [None] successfully!!!
[2023-04-26 07:07:54,354] root - INFO - Entire data fetched successfully from DB!!!
[2023-04-26 07:07:54,355] root - INFO - Splitting Dataset into train and test
[2023-04-26 07:07:54,391] root - INFO - total no of columns:22 and rows:80000
[2023-04-26 07:07:54,391] root - INFO - total no of columns:22 and rows:20000
[2023-04-26 07:07:54,391] root - INFO - Inserting new Training Data into DB
[2023-04-26 07:07:55,273] root - INFO - Inserting data into database:[Credit_score_DB] in collection: [Credit_score_data]
[2023-04-26 07:07:57,496] root - INFO - Insertion into DB is successful!!! 
[2023-04-26 07:07:57,565] root - INFO - Inserting new Test Data into DB
[2023-04-26 07:07:57,777] root - INFO - Inserting data into database:[Credit_score_DB] in collection: [Credit_score_data]
[2023-04-26 07:07:58,322] root - INFO - Insertion into DB is successful!!! 
[2023-04-26 07:07:58,340] root - INFO - Exporting training dataset to file: [C:\Users\Sumeet Maheshwari\Desktop\end to end project\credit_score_prediction\credit_score_classification\Credit_score_Classification\artifact\data_ingestion\2023-04-26-07-07-35\ingested_data\train\train.csv]
[2023-04-26 07:07:59,536] root - INFO - Exporting test dataset to file: [C:\Users\Sumeet Maheshwari\Desktop\end to end project\credit_score_prediction\credit_score_classification\Credit_score_Classification\artifact\data_ingestion\2023-04-26-07-07-35\ingested_data\test\test.csv]
[2023-04-26 07:07:59,842] root - INFO - Data Ingestion Artifact: [DataIngestionArtifact(train_file_path='C:\\Users\\Sumeet Maheshwari\\Desktop\\end to end project\\credit_score_prediction\\credit_score_classification\\Credit_score_Classification\\artifact\\data_ingestion\\2023-04-26-07-07-35\\ingested_data\\train\\train.csv', test_file_path='C:\\Users\\Sumeet Maheshwari\\Desktop\\end to end project\\credit_score_prediction\\credit_score_classification\\Credit_score_Classification\\artifact\\data_ingestion\\2023-04-26-07-07-35\\ingested_data\\test\\test.csv', is_ingested=True, message='Data ingestion completed successfully')]
[2023-04-26 07:07:59,999] root - INFO - 
******************** Data Ingestion log completed ********************

[2023-04-26 07:08:00,000] root - INFO - Data Validation config: DataValidationConfig(schema_file_path='C:\\Users\\Sumeet Maheshwari\\Desktop\\end to end project\\credit_score_prediction\\credit_score_classification\\config\\schema.yaml', report_file_path='C:\\Users\\Sumeet Maheshwari\\Desktop\\end to end project\\credit_score_prediction\\credit_score_classification\\report.json', report_page_file_path='C:\\Users\\Sumeet Maheshwari\\Desktop\\end to end project\\credit_score_prediction\\credit_score_classification\\report.html')
[2023-04-26 07:08:00,000] root - INFO - 
******************** Data Validation log started ********************

[2023-04-26 07:08:00,006] root - INFO - Validating the schema of the dataset
[2023-04-26 07:08:00,006] root - INFO - Checking File Name
[2023-04-26 07:08:00,360] root - INFO - total no of columns:28 and rows:100000
[2023-04-26 07:08:00,360] root - INFO - ['ID', 'Customer_ID', 'Month', 'Name', 'Age', 'SSN', 'Occupation', 'Annual_Income', 'Monthly_Inhand_Salary', 'Num_Bank_Accounts', 'Num_Credit_Card', 'Interest_Rate', 'Num_of_Loan', 'Type_of_Loan', 'Delay_from_due_date', 'Num_of_Delayed_Payment', 'Changed_Credit_Limit', 'Num_Credit_Inquiries', 'Credit_Mix', 'Outstanding_Debt', 'Credit_Utilization_Ratio', 'Credit_History_Age', 'Payment_of_Min_Amount', 'Total_EMI_per_month', 'Amount_invested_monthly', 'Payment_Behaviour', 'Monthly_Balance', 'Credit_Score']
[2023-04-26 07:08:00,375] root - INFO - Schema Validation Completed
[2023-04-26 07:08:00,376] root - INFO - Is dataset schema as per the defined schema? -> True
[2023-04-26 07:08:00,376] root - INFO - Checking if the training and test file is available
[2023-04-26 07:08:00,376] root - INFO - Is train and test file exists?-> True
[2023-04-26 07:08:00,376] root - INFO - Checking for Data Drift
[2023-04-26 07:08:00,376] root - INFO - Generating data drift report.json file
[2023-04-26 07:08:03,587] root - INFO - Report.json file generation successful!!
[2023-04-26 07:08:03,589] root - INFO - Generating data drift report.html page
[2023-04-26 07:08:08,172] root - INFO - Report.html page generation successful!!
[2023-04-26 07:08:08,175] root - INFO - Data validation artifact: DataValidationArtifact(schema_file_path='C:\\Users\\Sumeet Maheshwari\\Desktop\\end to end project\\credit_score_prediction\\credit_score_classification\\config\\schema.yaml', report_file_path='C:\\Users\\Sumeet Maheshwari\\Desktop\\end to end project\\credit_score_prediction\\credit_score_classification\\report.json', report_page_file_path='C:\\Users\\Sumeet Maheshwari\\Desktop\\end to end project\\credit_score_prediction\\credit_score_classification\\report.html', is_validated=True, message='Data Validation performed successfully.')
[2023-04-26 07:08:08,176] root - INFO - 
******************** Data Validation log completed ********************

[2023-04-26 07:08:08,176] root - INFO - Data transformation config: DataTransformationConfig(transformed_train_dir='C:\\Users\\Sumeet Maheshwari\\Desktop\\end to end project\\credit_score_prediction\\credit_score_classification\\Credit_score_Classification\\artifact\\data_transformation\\2023-04-26-07-07-35\\transformed_data\\train', transformed_test_dir='C:\\Users\\Sumeet Maheshwari\\Desktop\\end to end project\\credit_score_prediction\\credit_score_classification\\Credit_score_Classification\\artifact\\data_transformation\\2023-04-26-07-07-35\\transformed_data\\test', preprocessed_object_file_path='C:\\Users\\Sumeet Maheshwari\\Desktop\\end to end project\\credit_score_prediction\\credit_score_classification\\Credit_score_Classification\\artifact\\data_transformation\\2023-04-26-07-07-35\\preprocessed\\preprocessed.pkl')
[2023-04-26 07:08:08,176] root - INFO - >>>>>>>>>>>>>>>>>>>>>>>>>>>>>>>>>>>>>>>>>>>>>>>>>>>>>>>>>>>>Data Transformation log started.<<<<<<<<<<<<<<<<<<<<<<<<<<<<<<<<<<<<<<<<<<<<<<<<<<<<<<<<<<<<
[2023-04-26 07:08:08,176] root - INFO - Obtaining preprocessing object.
[2023-04-26 07:08:08,179] root - INFO - Obtaining training and test file path.
[2023-04-26 07:08:08,179] root - INFO - Loading training and test data as pandas dataframe.
[2023-04-26 07:08:08,183] root - ERROR - 
                        error occured in script: 
                        [C:\Users\Sumeet Maheshwari\Desktop\end to end project\credit_score_prediction\credit_score_classification\credit_score\pipeline\training_pipeline.py] at 
                        try block line number: [69] execption block line number: [73]
                        error message: [
                        error occured in script: 
                        [C:\Users\Sumeet Maheshwari\Desktop\end to end project\credit_score_prediction\credit_score_classification\credit_score\pipeline\training_pipeline.py] at 
                        try block line number: [57] execption block line number: [59]
                        error message: [
                        error occured in script: 
                        [C:\Users\Sumeet Maheshwari\Desktop\end to end project\credit_score_prediction\credit_score_classification\credit_score\components\data_transformation.py] at 
                        try block line number: [117] execption block line number: [189]
                        error message: [
                        error occured in script: 
                        [C:\Users\Sumeet Maheshwari\Desktop\end to end project\credit_score_prediction\credit_score_classification\credit_score\utils\utils.py] at 
                        try block line number: [66] execption block line number: [80]
                        error message: [[Errno 2] No such file or directory: 'C:\\Users\\Sumeet Maheshwari\\Desktop\\end to end project\\credit_score_prediction\\credit_score_classification\\Credit_score_Classification\\artifact\\data_ingestion\\2023-04-26-07-07-35\\ingested_data\\train\\train.csv']]]]
[2023-04-26 07:08:08,186] root - INFO - >>>>>>>>>>>>>>>>>>>>>>>>>>>>>>>>>>>>>>>>>>>>>>>>>>>>>>>>>>>>Data Transformation log completed.<<<<<<<<<<<<<<<<<<<<<<<<<<<<<<<<<<<<<<<<<<<<<<<<<<<<<<<<<<<< 


[2023-04-26 07:08:08,186] root - INFO - 
******************** Training Pipeline Complete ********************


