[2023-04-23 09:32:25,808] numexpr.utils - INFO - NumExpr defaulting to 8 threads.
[2023-04-23 09:32:27,508] root - INFO - Training Pipeline Config: TrainingPipelineConfig(artifact_dir='C:\\Users\\Sumeet Maheshwari\\Desktop\\end to end project\\credit_score_prediction\\credit_score_classification\\Credit_score_Classification\\artifact')
[2023-04-23 09:32:27,508] root - INFO - Data Ingestion Config : DataIngestionConfig(dataset_download_url='https://github.com/sumeet0701/credit_score_classification/blob/main/dataset/dataset_clean.zip?raw=true', tgz_download_dir='C:\\Users\\Sumeet Maheshwari\\Desktop\\end to end project\\credit_score_prediction\\credit_score_classification\\Credit_score_Classification\\artifact\\data_ingestion\\2023-04-23-09-32-25\\tgz_data', raw_data_dir='C:\\Users\\Sumeet Maheshwari\\Desktop\\end to end project\\credit_score_prediction\\credit_score_classification\\Credit_score_Classification\\artifact\\data_ingestion\\2023-04-23-09-32-25\\raw_data', ingested_train_dir='C:\\Users\\Sumeet Maheshwari\\Desktop\\end to end project\\credit_score_prediction\\credit_score_classification\\Credit_score_Classification\\artifact\\data_ingestion\\2023-04-23-09-32-25\\ingested_data\\train', ingested_test_dir='C:\\Users\\Sumeet Maheshwari\\Desktop\\end to end project\\credit_score_prediction\\credit_score_classification\\Credit_score_Classification\\artifact\\data_ingestion\\2023-04-23-09-32-25\\ingested_data\\test') 
[2023-04-23 09:32:27,510] root - INFO - 
******************** Data Ingestion log started ********************

[2023-04-23 09:32:27,514] root - INFO - Connection with DB created successfully!!!
[2023-04-23 09:32:27,515] root - INFO - Downloading file from: [https://github.com/sumeet0701/credit_score_classification/blob/main/dataset/dataset_clean.zip?raw=true] into : [C:\Users\Sumeet Maheshwari\Desktop\end to end project\credit_score_prediction\credit_score_classification\Credit_score_Classification\artifact\data_ingestion\2023-04-23-09-32-25\tgz_data\rental_bike_data.zip]
[2023-04-23 09:32:37,109] root - INFO - File: [C:\Users\Sumeet Maheshwari\Desktop\end to end project\credit_score_prediction\credit_score_classification\Credit_score_Classification\artifact\data_ingestion\2023-04-23-09-32-25\tgz_data\rental_bike_data.zip] has been downloaded successfully
[2023-04-23 09:32:37,110] root - INFO - Extracting zipped file : [C:\Users\Sumeet Maheshwari\Desktop\end to end project\credit_score_prediction\credit_score_classification\Credit_score_Classification\artifact\data_ingestion\2023-04-23-09-32-25\tgz_data\rental_bike_data.zip] into dir: [C:\Users\Sumeet Maheshwari\Desktop\end to end project\credit_score_prediction\credit_score_classification\Credit_score_Classification\artifact\data_ingestion\2023-04-23-09-32-25\raw_data]
[2023-04-23 09:32:37,201] root - INFO - Extraction completed successfully
[2023-04-23 09:32:38,589] root - INFO - Inserting file: [clean_df.csv] into DB
[2023-04-23 09:32:38,589] root - INFO - Inserting data into database:[Credit_score_DB] in collection: [Credit_score_data]
[2023-04-23 09:32:41,051] root - INFO - Insertion into DB is successful!!! 
[2023-04-23 09:32:41,051] root - INFO - Fetching entire data from DB
[2023-04-23 09:32:42,413] root - INFO - Data Fetched from collection: [None] successfully!!!
[2023-04-23 09:32:42,414] root - ERROR - 
                        error occured in script: 
                        [C:\Users\Sumeet Maheshwari\Desktop\end to end project\credit_score_prediction\credit_score_classification\credit_score\pipeline\training_pipeline.py] at 
                        try block line number: [34] execption block line number: [37]
                        error message: [
                        error occured in script: 
                        [C:\Users\Sumeet Maheshwari\Desktop\end to end project\credit_score_prediction\credit_score_classification\credit_score\pipeline\training_pipeline.py] at 
                        try block line number: [26] execption block line number: [28]
                        error message: [
                        error occured in script: 
                        [C:\Users\Sumeet Maheshwari\Desktop\end to end project\credit_score_prediction\credit_score_classification\credit_score\components\data_ingestion.py] at 
                        try block line number: [141] execption block line number: [143]
                        error message: [
                        error occured in script: 
                        [C:\Users\Sumeet Maheshwari\Desktop\end to end project\credit_score_prediction\credit_score_classification\credit_score\components\data_ingestion.py] at 
                        try block line number: [97] execption block line number: [134]
                        error message: ["['ssn', 'name', 'id', 'customer_id'] not found in axis"]]]]
[2023-04-23 09:32:42,530] root - INFO - 
******************** Data Ingestion log completed ********************

