[2023-05-26 13:00:57,577] numexpr.utils - INFO - NumExpr defaulting to 8 threads.
[2023-05-26 13:01:06,731] root - INFO - Training Pipeline Config: TrainingPipelineConfig(artifact_dir='C:\\Users\\Sumeet Maheshwari\\Desktop\\end to end project\\credit_score_prediction\\credit_score_classification\\Credit_score_Classification\\artifact')
[2023-05-26 13:01:06,731] root - INFO - 
******************** Initiating the Training Pipeline ********************


[2023-05-26 13:01:06,731] root - INFO - Data Ingestion Config : DataIngestionConfig(dataset_download_url='https://github.com/sumeet0701/credit_score_classification/blob/main/dataset/dataset_clean.zip?raw=true', tgz_download_dir='C:\\Users\\Sumeet Maheshwari\\Desktop\\end to end project\\credit_score_prediction\\credit_score_classification\\Credit_score_Classification\\artifact\\data_ingestion\\2023-05-26-13-00-56\\tgz_data', raw_data_dir='C:\\Users\\Sumeet Maheshwari\\Desktop\\end to end project\\credit_score_prediction\\credit_score_classification\\Credit_score_Classification\\artifact\\data_ingestion\\2023-05-26-13-00-56\\raw_data', ingested_train_dir='C:\\Users\\Sumeet Maheshwari\\Desktop\\end to end project\\credit_score_prediction\\credit_score_classification\\Credit_score_Classification\\artifact\\data_ingestion\\2023-05-26-13-00-56\\ingested_data\\train', ingested_test_dir='C:\\Users\\Sumeet Maheshwari\\Desktop\\end to end project\\credit_score_prediction\\credit_score_classification\\Credit_score_Classification\\artifact\\data_ingestion\\2023-05-26-13-00-56\\ingested_data\\test') 
[2023-05-26 13:01:06,733] root - INFO - 
******************** Data Ingestion log started ********************

[2023-05-26 13:01:06,741] root - INFO - Connection with DB created successfully!!!
[2023-05-26 13:01:06,742] root - INFO - Downloading file from: [https://github.com/sumeet0701/credit_score_classification/blob/main/dataset/dataset_clean.zip?raw=true] into : [C:\Users\Sumeet Maheshwari\Desktop\end to end project\credit_score_prediction\credit_score_classification\Credit_score_Classification\artifact\data_ingestion\2023-05-26-13-00-56\tgz_data\rental_bike_data.zip]
[2023-05-26 13:01:14,642] root - INFO - File: [C:\Users\Sumeet Maheshwari\Desktop\end to end project\credit_score_prediction\credit_score_classification\Credit_score_Classification\artifact\data_ingestion\2023-05-26-13-00-56\tgz_data\rental_bike_data.zip] has been downloaded successfully
[2023-05-26 13:01:14,644] root - INFO - Extracting zipped file : [C:\Users\Sumeet Maheshwari\Desktop\end to end project\credit_score_prediction\credit_score_classification\Credit_score_Classification\artifact\data_ingestion\2023-05-26-13-00-56\tgz_data\rental_bike_data.zip] into dir: [C:\Users\Sumeet Maheshwari\Desktop\end to end project\credit_score_prediction\credit_score_classification\Credit_score_Classification\artifact\data_ingestion\2023-05-26-13-00-56\raw_data]
[2023-05-26 13:01:14,813] root - INFO - Extraction completed successfully
[2023-05-26 13:01:16,774] root - INFO - Inserting file: [clean_df.csv] into DB
[2023-05-26 13:01:16,774] root - INFO - Inserting data into database:[Credit_score_DB] in collection: [Credit_score_data]
[2023-05-26 13:01:21,165] root - INFO - Insertion into DB is successful!!! 
[2023-05-26 13:01:21,165] root - INFO - Fetching entire data from DB
[2023-05-26 13:01:23,445] root - INFO - Data Fetched from collection: [None] successfully!!!
[2023-05-26 13:01:23,446] root - INFO - Entire data fetched successfully from DB!!!
[2023-05-26 13:01:23,446] root - INFO - Splitting Dataset into train and test
[2023-05-26 13:01:23,514] root - INFO - total no of columns:29 and rows:80000
[2023-05-26 13:01:23,514] root - INFO - total no of columns:29 and rows:20000
[2023-05-26 13:01:23,514] root - INFO - Inserting new Training Data into DB
[2023-05-26 13:01:25,167] root - INFO - Inserting data into database:[Credit_score_DB] in collection: [Credit_score_data]
[2023-05-26 13:01:29,007] root - INFO - Insertion into DB is successful!!! 
[2023-05-26 13:01:29,089] root - INFO - Inserting new Test Data into DB
[2023-05-26 13:01:29,469] root - INFO - Inserting data into database:[Credit_score_DB] in collection: [Credit_score_data]
[2023-05-26 13:01:30,243] root - INFO - Insertion into DB is successful!!! 
[2023-05-26 13:01:30,264] root - INFO - Exporting training dataset to file: [C:\Users\Sumeet Maheshwari\Desktop\end to end project\credit_score_prediction\credit_score_classification\Credit_score_Classification\artifact\data_ingestion\2023-05-26-13-00-56\ingested_data\train\train.csv]
[2023-05-26 13:01:32,229] root - INFO - Exporting test dataset to file: [C:\Users\Sumeet Maheshwari\Desktop\end to end project\credit_score_prediction\credit_score_classification\Credit_score_Classification\artifact\data_ingestion\2023-05-26-13-00-56\ingested_data\test\test.csv]
[2023-05-26 13:01:32,729] root - INFO - Data Ingestion Artifact: [DataIngestionArtifact(train_file_path='C:\\Users\\Sumeet Maheshwari\\Desktop\\end to end project\\credit_score_prediction\\credit_score_classification\\Credit_score_Classification\\artifact\\data_ingestion\\2023-05-26-13-00-56\\ingested_data\\train\\train.csv', test_file_path='C:\\Users\\Sumeet Maheshwari\\Desktop\\end to end project\\credit_score_prediction\\credit_score_classification\\Credit_score_Classification\\artifact\\data_ingestion\\2023-05-26-13-00-56\\ingested_data\\test\\test.csv', is_ingested=True, message='Data ingestion completed successfully')]
[2023-05-26 13:01:32,930] root - INFO - 
******************** Data Ingestion log completed ********************

[2023-05-26 13:01:32,931] root - INFO - Data Validation config: DataValidationConfig(schema_file_path='C:\\Users\\Sumeet Maheshwari\\Desktop\\end to end project\\credit_score_prediction\\credit_score_classification\\config\\schema.yaml', report_file_path='C:\\Users\\Sumeet Maheshwari\\Desktop\\end to end project\\credit_score_prediction\\credit_score_classification\\Credit_score_Classification\\artifact\\data_validation\\2023-05-26-13-00-56\\report.json', report_page_file_path='C:\\Users\\Sumeet Maheshwari\\Desktop\\end to end project\\credit_score_prediction\\credit_score_classification\\Credit_score_Classification\\artifact\\data_validation\\2023-05-26-13-00-56\\report.html')
[2023-05-26 13:01:32,931] root - INFO - 
******************** Data Validation log started ********************

[2023-05-26 13:01:32,936] root - INFO - Validating the schema of the dataset
[2023-05-26 13:01:32,936] root - INFO - Checking File Name
[2023-05-26 13:01:33,440] root - INFO - total no of columns:28 and rows:100000
[2023-05-26 13:01:33,441] root - INFO - total no of columns:28 and rows:100000
[2023-05-26 13:01:33,441] root - ERROR - 
                        error occured in script: 
                        [C:\Users\Sumeet Maheshwari\Desktop\end to end project\credit_score_prediction\credit_score_classification\credit_score\pipeline\training_pipeline.py] at 
                        try block line number: [81] execption block line number: [89]
                        error message: [
                        error occured in script: 
                        [C:\Users\Sumeet Maheshwari\Desktop\end to end project\credit_score_prediction\credit_score_classification\credit_score\pipeline\training_pipeline.py] at 
                        try block line number: [48] execption block line number: [50]
                        error message: [
                        error occured in script: 
                        [C:\Users\Sumeet Maheshwari\Desktop\end to end project\credit_score_prediction\credit_score_classification\credit_score\components\data_validation.py] at 
                        try block line number: [268] execption block line number: [282]
                        error message: [
                        error occured in script: 
                        [C:\Users\Sumeet Maheshwari\Desktop\end to end project\credit_score_prediction\credit_score_classification\credit_score\components\data_validation.py] at 
                        try block line number: [212] execption block line number: [220]
                        error message: [
                        error occured in script: 
                        [C:\Users\Sumeet Maheshwari\Desktop\end to end project\credit_score_prediction\credit_score_classification\credit_score\components\data_validation.py] at 
                        try block line number: [176] execption block line number: [200]
                        error message: [No of columns is not correct in file: [C:\Users\Sumeet Maheshwari\Desktop\end to end project\credit_score_prediction\credit_score_classification\Credit_score_Classification\artifact\data_ingestion\2023-05-26-13-00-56\raw_data\dataset_clean\clean_df.csv]!!!]]]]]
[2023-05-26 13:01:33,451] root - INFO - 
******************** Data Validation log completed ********************

[2023-05-26 13:01:33,451] root - INFO - 
******************** Training Pipeline Complete ********************


