[2023-04-25 12:04:31,468] numexpr.utils - INFO - NumExpr defaulting to 8 threads.
[2023-04-25 12:04:36,967] root - INFO - Training Pipeline Config: TrainingPipelineConfig(artifact_dir='C:\\Users\\Sumeet Maheshwari\\Desktop\\end to end project\\credit_score_prediction\\credit_score_classification\\Credit_score_Classification\\artifact')
[2023-04-25 12:04:36,967] root - INFO - 
******************** Initiating the Training Pipeline ********************


[2023-04-25 12:04:36,967] root - INFO - Data Ingestion Config : DataIngestionConfig(dataset_download_url='https://github.com/sumeet0701/credit_score_classification/blob/main/dataset/dataset_clean.zip?raw=true', tgz_download_dir='C:\\Users\\Sumeet Maheshwari\\Desktop\\end to end project\\credit_score_prediction\\credit_score_classification\\Credit_score_Classification\\artifact\\data_ingestion\\2023-04-25-12-04-31\\tgz_data', raw_data_dir='C:\\Users\\Sumeet Maheshwari\\Desktop\\end to end project\\credit_score_prediction\\credit_score_classification\\Credit_score_Classification\\artifact\\data_ingestion\\2023-04-25-12-04-31\\raw_data', ingested_train_dir='C:\\Users\\Sumeet Maheshwari\\Desktop\\end to end project\\credit_score_prediction\\credit_score_classification\\Credit_score_Classification\\artifact\\data_ingestion\\2023-04-25-12-04-31\\ingested_data\\train', ingested_test_dir='C:\\Users\\Sumeet Maheshwari\\Desktop\\end to end project\\credit_score_prediction\\credit_score_classification\\Credit_score_Classification\\artifact\\data_ingestion\\2023-04-25-12-04-31\\ingested_data\\test') 
[2023-04-25 12:04:36,967] root - INFO - 
******************** Data Ingestion log started ********************

[2023-04-25 12:04:36,972] root - INFO - Connection with DB created successfully!!!
[2023-04-25 12:04:36,972] root - INFO - Downloading file from: [https://github.com/sumeet0701/credit_score_classification/blob/main/dataset/dataset_clean.zip?raw=true] into : [C:\Users\Sumeet Maheshwari\Desktop\end to end project\credit_score_prediction\credit_score_classification\Credit_score_Classification\artifact\data_ingestion\2023-04-25-12-04-31\tgz_data\rental_bike_data.zip]
[2023-04-25 12:04:49,282] root - INFO - File: [C:\Users\Sumeet Maheshwari\Desktop\end to end project\credit_score_prediction\credit_score_classification\Credit_score_Classification\artifact\data_ingestion\2023-04-25-12-04-31\tgz_data\rental_bike_data.zip] has been downloaded successfully
[2023-04-25 12:04:49,283] root - INFO - Extracting zipped file : [C:\Users\Sumeet Maheshwari\Desktop\end to end project\credit_score_prediction\credit_score_classification\Credit_score_Classification\artifact\data_ingestion\2023-04-25-12-04-31\tgz_data\rental_bike_data.zip] into dir: [C:\Users\Sumeet Maheshwari\Desktop\end to end project\credit_score_prediction\credit_score_classification\Credit_score_Classification\artifact\data_ingestion\2023-04-25-12-04-31\raw_data]
[2023-04-25 12:04:49,390] root - INFO - Extraction completed successfully
[2023-04-25 12:04:50,992] root - INFO - Inserting file: [clean_df.csv] into DB
[2023-04-25 12:04:50,992] root - INFO - Inserting data into database:[Credit_score_DB] in collection: [Credit_score_data]
[2023-04-25 12:04:53,858] root - INFO - Insertion into DB is successful!!! 
[2023-04-25 12:04:53,858] root - INFO - Fetching entire data from DB
[2023-04-25 12:04:55,658] root - INFO - Data Fetched from collection: [None] successfully!!!
[2023-04-25 12:04:55,701] root - INFO - Entire data fetched successfully from DB!!!
[2023-04-25 12:04:55,701] root - INFO - Splitting Dataset into train and test
[2023-04-25 12:04:55,733] root - INFO - total no of columns:22 and rows:80000
[2023-04-25 12:04:55,733] root - INFO - total no of columns:22 and rows:20000
[2023-04-25 12:04:55,733] root - INFO - Inserting new Training Data into DB
[2023-04-25 12:04:56,585] root - INFO - Inserting data into database:[Credit_score_DB] in collection: [Credit_score_data]
[2023-04-25 12:04:58,865] root - INFO - Insertion into DB is successful!!! 
[2023-04-25 12:04:58,922] root - INFO - Inserting new Test Data into DB
[2023-04-25 12:04:59,134] root - INFO - Inserting data into database:[Credit_score_DB] in collection: [Credit_score_data]
[2023-04-25 12:04:59,598] root - INFO - Insertion into DB is successful!!! 
[2023-04-25 12:04:59,612] root - INFO - Exporting training dataset to file: [C:\Users\Sumeet Maheshwari\Desktop\end to end project\credit_score_prediction\credit_score_classification\Credit_score_Classification\artifact\data_ingestion\2023-04-25-12-04-31\ingested_data\train\train.csv]
[2023-04-25 12:05:00,799] root - INFO - Exporting test dataset to file: [C:\Users\Sumeet Maheshwari\Desktop\end to end project\credit_score_prediction\credit_score_classification\Credit_score_Classification\artifact\data_ingestion\2023-04-25-12-04-31\ingested_data\test\test.csv]
[2023-04-25 12:05:01,088] root - INFO - Data Ingestion Artifact: [DataIngestionArtifact(train_file_path='C:\\Users\\Sumeet Maheshwari\\Desktop\\end to end project\\credit_score_prediction\\credit_score_classification\\Credit_score_Classification\\artifact\\data_ingestion\\2023-04-25-12-04-31\\ingested_data\\train\\train.csv', test_file_path='C:\\Users\\Sumeet Maheshwari\\Desktop\\end to end project\\credit_score_prediction\\credit_score_classification\\Credit_score_Classification\\artifact\\data_ingestion\\2023-04-25-12-04-31\\ingested_data\\test\\test.csv', is_ingested=True, message='Data ingestion completed successfully')]
[2023-04-25 12:05:01,215] root - INFO - 
******************** Data Ingestion log completed ********************

[2023-04-25 12:05:01,216] root - INFO - Data Validation config: DataValidationConfig(schema_file_path='C:\\Users\\Sumeet Maheshwari\\Desktop\\end to end project\\credit_score_prediction\\credit_score_classification\\config\\schema.yaml', report_file_path='C:\\Users\\Sumeet Maheshwari\\Desktop\\end to end project\\credit_score_prediction\\credit_score_classification\\report.json', report_page_file_path='C:\\Users\\Sumeet Maheshwari\\Desktop\\end to end project\\credit_score_prediction\\credit_score_classification\\report.html')
[2023-04-25 12:05:01,216] root - INFO - 
******************** Data Validation log started ********************

[2023-04-25 12:05:01,219] root - INFO - Validating the schema of the dataset
[2023-04-25 12:05:01,219] root - INFO - Checking File Name
[2023-04-25 12:05:01,536] root - INFO - total no of columns:28 and rows:100000
[2023-04-25 12:05:01,536] root - ERROR - 
                        error occured in script: 
                        [C:\Users\Sumeet Maheshwari\Desktop\end to end project\credit_score_prediction\credit_score_classification\credit_score\pipeline\training_pipeline.py] at 
                        try block line number: [51] execption block line number: [55]
                        error message: [
                        error occured in script: 
                        [C:\Users\Sumeet Maheshwari\Desktop\end to end project\credit_score_prediction\credit_score_classification\credit_score\pipeline\training_pipeline.py] at 
                        try block line number: [42] execption block line number: [44]
                        error message: [
                        error occured in script: 
                        [C:\Users\Sumeet Maheshwari\Desktop\end to end project\credit_score_prediction\credit_score_classification\credit_score\components\data_validation.py] at 
                        try block line number: [269] execption block line number: [283]
                        error message: [
                        error occured in script: 
                        [C:\Users\Sumeet Maheshwari\Desktop\end to end project\credit_score_prediction\credit_score_classification\credit_score\components\data_validation.py] at 
                        try block line number: [213] execption block line number: [221]
                        error message: [
                        error occured in script: 
                        [C:\Users\Sumeet Maheshwari\Desktop\end to end project\credit_score_prediction\credit_score_classification\credit_score\components\data_validation.py] at 
                        try block line number: [180] execption block line number: [201]
                        error message: [list.remove(x): x not in list]]]]]
[2023-04-25 12:05:01,541] root - INFO - 
******************** Data Validation log completed ********************

[2023-04-25 12:05:01,541] root - INFO - 
******************** Training Pipeline Complete ********************


