[2023-04-23 08:06:00,566] numexpr.utils - INFO - NumExpr defaulting to 8 threads.
[2023-04-23 08:06:02,146] root - INFO - Training Pipeline Config: TrainingPipelineConfig(artifact_dir='C:\\Users\\Sumeet Maheshwari\\Desktop\\end to end project\\credit_score_prediction\\credit_score_classification\\Credit_score_Classification\\artifact')
[2023-04-23 08:06:02,146] root - INFO - Data Ingestion Config : DataIngestionConfig(dataset_download_url='https://raw.githubusercontent.com/sumeet0701/credit_score_classification/main/dataset/clean_df.csv', tgz_download_dir='C:\\Users\\Sumeet Maheshwari\\Desktop\\end to end project\\credit_score_prediction\\credit_score_classification\\Credit_score_Classification\\artifact\\data_ingestion\\2023-04-23-08-05-59\\tgz_data', raw_data_dir='C:\\Users\\Sumeet Maheshwari\\Desktop\\end to end project\\credit_score_prediction\\credit_score_classification\\Credit_score_Classification\\artifact\\data_ingestion\\2023-04-23-08-05-59\\raw_data', ingested_train_dir='C:\\Users\\Sumeet Maheshwari\\Desktop\\end to end project\\credit_score_prediction\\credit_score_classification\\Credit_score_Classification\\artifact\\data_ingestion\\2023-04-23-08-05-59\\ingested_data\\train', ingested_test_dir='C:\\Users\\Sumeet Maheshwari\\Desktop\\end to end project\\credit_score_prediction\\credit_score_classification\\Credit_score_Classification\\artifact\\data_ingestion\\2023-04-23-08-05-59\\ingested_data\\test') 
[2023-04-23 08:06:02,148] root - INFO - 
******************** Data Ingestion log started ********************

[2023-04-23 08:06:02,161] root - INFO - Connection with DB created successfully!!!
[2023-04-23 08:06:02,164] root - INFO - Downloading file from: [https://raw.githubusercontent.com/sumeet0701/credit_score_classification/main/dataset/clean_df.csv] into : [C:\Users\Sumeet Maheshwari\Desktop\end to end project\credit_score_prediction\credit_score_classification\Credit_score_Classification\artifact\data_ingestion\2023-04-23-08-05-59\tgz_data\rental_bike_data.zip]
[2023-04-23 08:06:27,046] root - INFO - File: [C:\Users\Sumeet Maheshwari\Desktop\end to end project\credit_score_prediction\credit_score_classification\Credit_score_Classification\artifact\data_ingestion\2023-04-23-08-05-59\tgz_data\rental_bike_data.zip] has been downloaded successfully
[2023-04-23 08:06:27,047] root - INFO - Extracting zipped file : [C:\Users\Sumeet Maheshwari\Desktop\end to end project\credit_score_prediction\credit_score_classification\Credit_score_Classification\artifact\data_ingestion\2023-04-23-08-05-59\tgz_data\rental_bike_data.zip] into dir: [C:\Users\Sumeet Maheshwari\Desktop\end to end project\credit_score_prediction\credit_score_classification\Credit_score_Classification\artifact\data_ingestion\2023-04-23-08-05-59\raw_data]
[2023-04-23 08:06:27,060] root - ERROR - 
                        error occured in script: 
                        [C:\Users\Sumeet Maheshwari\Desktop\end to end project\credit_score_prediction\credit_score_classification\credit_score\pipeline\training_pipeline.py] at 
                        try block line number: [34] execption block line number: [37]
                        error message: [
                        error occured in script: 
                        [C:\Users\Sumeet Maheshwari\Desktop\end to end project\credit_score_prediction\credit_score_classification\credit_score\pipeline\training_pipeline.py] at 
                        try block line number: [26] execption block line number: [28]
                        error message: [
                        error occured in script: 
                        [C:\Users\Sumeet Maheshwari\Desktop\end to end project\credit_score_prediction\credit_score_classification\credit_score\components\data_ingestion.py] at 
                        try block line number: [137] execption block line number: [140]
                        error message: [
                        error occured in script: 
                        [C:\Users\Sumeet Maheshwari\Desktop\end to end project\credit_score_prediction\credit_score_classification\credit_score\components\data_ingestion.py] at 
                        try block line number: [64] execption block line number: [71]
                        error message: [File is not a zip file]]]]
[2023-04-23 08:06:27,062] root - INFO - 
******************** Data Ingestion log completed ********************

