[2023-04-25 18:03:30,194] numexpr.utils - INFO - NumExpr defaulting to 8 threads.
[2023-04-25 18:03:36,099] root - INFO - Training Pipeline Config: TrainingPipelineConfig(artifact_dir='C:\\Users\\Sumeet Maheshwari\\Desktop\\end to end project\\credit_score_prediction\\credit_score_classification\\Credit_score_Classification\\artifact')
[2023-04-25 18:03:36,099] root - INFO - 
******************** Initiating the Training Pipeline ********************


[2023-04-25 18:03:36,100] root - INFO - Data Ingestion Config : DataIngestionConfig(dataset_download_url='https://github.com/sumeet0701/credit_score_classification/blob/main/dataset/dataset_clean.zip?raw=true', tgz_download_dir='C:\\Users\\Sumeet Maheshwari\\Desktop\\end to end project\\credit_score_prediction\\credit_score_classification\\Credit_score_Classification\\artifact\\data_ingestion\\2023-04-25-18-03-29\\tgz_data', raw_data_dir='C:\\Users\\Sumeet Maheshwari\\Desktop\\end to end project\\credit_score_prediction\\credit_score_classification\\Credit_score_Classification\\artifact\\data_ingestion\\2023-04-25-18-03-29\\raw_data', ingested_train_dir='C:\\Users\\Sumeet Maheshwari\\Desktop\\end to end project\\credit_score_prediction\\credit_score_classification\\Credit_score_Classification\\artifact\\data_ingestion\\2023-04-25-18-03-29\\ingested_data\\train', ingested_test_dir='C:\\Users\\Sumeet Maheshwari\\Desktop\\end to end project\\credit_score_prediction\\credit_score_classification\\Credit_score_Classification\\artifact\\data_ingestion\\2023-04-25-18-03-29\\ingested_data\\test') 
[2023-04-25 18:03:36,102] root - INFO - 
******************** Data Ingestion log started ********************

[2023-04-25 18:03:36,108] root - INFO - Connection with DB created successfully!!!
[2023-04-25 18:03:36,108] root - INFO - Downloading file from: [https://github.com/sumeet0701/credit_score_classification/blob/main/dataset/dataset_clean.zip?raw=true] into : [C:\Users\Sumeet Maheshwari\Desktop\end to end project\credit_score_prediction\credit_score_classification\Credit_score_Classification\artifact\data_ingestion\2023-04-25-18-03-29\tgz_data\rental_bike_data.zip]
[2023-04-25 18:03:43,295] root - INFO - File: [C:\Users\Sumeet Maheshwari\Desktop\end to end project\credit_score_prediction\credit_score_classification\Credit_score_Classification\artifact\data_ingestion\2023-04-25-18-03-29\tgz_data\rental_bike_data.zip] has been downloaded successfully
[2023-04-25 18:03:43,296] root - INFO - Extracting zipped file : [C:\Users\Sumeet Maheshwari\Desktop\end to end project\credit_score_prediction\credit_score_classification\Credit_score_Classification\artifact\data_ingestion\2023-04-25-18-03-29\tgz_data\rental_bike_data.zip] into dir: [C:\Users\Sumeet Maheshwari\Desktop\end to end project\credit_score_prediction\credit_score_classification\Credit_score_Classification\artifact\data_ingestion\2023-04-25-18-03-29\raw_data]
[2023-04-25 18:03:43,435] root - INFO - Extraction completed successfully
[2023-04-25 18:03:45,340] root - INFO - Inserting file: [clean_df.csv] into DB
[2023-04-25 18:03:45,340] root - INFO - Inserting data into database:[Credit_score_DB] in collection: [Credit_score_data]
[2023-04-25 18:03:48,489] root - INFO - Insertion into DB is successful!!! 
[2023-04-25 18:03:48,489] root - INFO - Fetching entire data from DB
[2023-04-25 18:03:50,261] root - INFO - Data Fetched from collection: [None] successfully!!!
[2023-04-25 18:03:50,303] root - INFO - Entire data fetched successfully from DB!!!
[2023-04-25 18:03:50,303] root - INFO - Splitting Dataset into train and test
[2023-04-25 18:03:50,339] root - INFO - total no of columns:22 and rows:80000
[2023-04-25 18:03:50,339] root - INFO - total no of columns:22 and rows:20000
[2023-04-25 18:03:50,339] root - INFO - Inserting new Training Data into DB
[2023-04-25 18:03:51,213] root - INFO - Inserting data into database:[Credit_score_DB] in collection: [Credit_score_data]
[2023-04-25 18:03:53,516] root - INFO - Insertion into DB is successful!!! 
[2023-04-25 18:03:53,577] root - INFO - Inserting new Test Data into DB
[2023-04-25 18:03:53,803] root - INFO - Inserting data into database:[Credit_score_DB] in collection: [Credit_score_data]
[2023-04-25 18:03:54,280] root - INFO - Insertion into DB is successful!!! 
[2023-04-25 18:03:54,295] root - INFO - Exporting training dataset to file: [C:\Users\Sumeet Maheshwari\Desktop\end to end project\credit_score_prediction\credit_score_classification\Credit_score_Classification\artifact\data_ingestion\2023-04-25-18-03-29\ingested_data\train\train.csv]
[2023-04-25 18:03:55,435] root - INFO - Exporting test dataset to file: [C:\Users\Sumeet Maheshwari\Desktop\end to end project\credit_score_prediction\credit_score_classification\Credit_score_Classification\artifact\data_ingestion\2023-04-25-18-03-29\ingested_data\test\test.csv]
[2023-04-25 18:03:55,720] root - INFO - Data Ingestion Artifact: [DataIngestionArtifact(train_file_path='C:\\Users\\Sumeet Maheshwari\\Desktop\\end to end project\\credit_score_prediction\\credit_score_classification\\Credit_score_Classification\\artifact\\data_ingestion\\2023-04-25-18-03-29\\ingested_data\\train\\train.csv', test_file_path='C:\\Users\\Sumeet Maheshwari\\Desktop\\end to end project\\credit_score_prediction\\credit_score_classification\\Credit_score_Classification\\artifact\\data_ingestion\\2023-04-25-18-03-29\\ingested_data\\test\\test.csv', is_ingested=True, message='Data ingestion completed successfully')]
[2023-04-25 18:03:55,841] root - INFO - 
******************** Data Ingestion log completed ********************

[2023-04-25 18:03:55,841] root - INFO - Data Validation config: DataValidationConfig(schema_file_path='C:\\Users\\Sumeet Maheshwari\\Desktop\\end to end project\\credit_score_prediction\\credit_score_classification\\config\\schema.yaml', report_file_path='C:\\Users\\Sumeet Maheshwari\\Desktop\\end to end project\\credit_score_prediction\\credit_score_classification\\report.json', report_page_file_path='C:\\Users\\Sumeet Maheshwari\\Desktop\\end to end project\\credit_score_prediction\\credit_score_classification\\report.html')
[2023-04-25 18:03:55,842] root - INFO - 
******************** Data Validation log started ********************

[2023-04-25 18:03:55,844] root - INFO - Validating the schema of the dataset
[2023-04-25 18:03:55,845] root - INFO - Checking File Name
[2023-04-25 18:03:56,187] root - INFO - total no of columns:28 and rows:100000
[2023-04-25 18:03:56,187] root - INFO - ['ID', 'Customer_ID', 'Month', 'Name', 'Age', 'SSN', 'Occupation', 'Annual_Income', 'Monthly_Inhand_Salary', 'Num_Bank_Accounts', 'Num_Credit_Card', 'Interest_Rate', 'Num_of_Loan', 'Type_of_Loan', 'Delay_from_due_date', 'Num_of_Delayed_Payment', 'Changed_Credit_Limit', 'Num_Credit_Inquiries', 'Credit_Mix', 'Outstanding_Debt', 'Credit_Utilization_Ratio', 'Credit_History_Age', 'Payment_of_Min_Amount', 'Total_EMI_per_month', 'Amount_invested_monthly', 'Payment_Behaviour', 'Monthly_Balance', 'Credit_Score']
[2023-04-25 18:03:56,202] root - INFO - Schema Validation Completed
[2023-04-25 18:03:56,202] root - INFO - Is dataset schema as per the defined schema? -> True
[2023-04-25 18:03:56,202] root - INFO - Checking if the training and test file is available
[2023-04-25 18:03:56,202] root - INFO - Is train and test file exists?-> True
[2023-04-25 18:03:56,202] root - INFO - Checking for Data Drift
[2023-04-25 18:03:56,202] root - INFO - Generating data drift report.json file
[2023-04-25 18:03:59,285] root - INFO - Report.json file generation successful!!
[2023-04-25 18:03:59,289] root - INFO - Generating data drift report.html page
[2023-04-25 18:04:03,504] root - INFO - Report.html page generation successful!!
[2023-04-25 18:04:03,509] root - INFO - Data validation artifact: DataValidationArtifact(schema_file_path='C:\\Users\\Sumeet Maheshwari\\Desktop\\end to end project\\credit_score_prediction\\credit_score_classification\\config\\schema.yaml', report_file_path='C:\\Users\\Sumeet Maheshwari\\Desktop\\end to end project\\credit_score_prediction\\credit_score_classification\\report.json', report_page_file_path='C:\\Users\\Sumeet Maheshwari\\Desktop\\end to end project\\credit_score_prediction\\credit_score_classification\\report.html', is_validated=True, message='Data Validation performed successfully.')
[2023-04-25 18:04:03,509] root - INFO - 
******************** Data Validation log completed ********************

[2023-04-25 18:04:03,509] root - ERROR - 
                        error occured in script: 
                        [C:\Users\Sumeet Maheshwari\Desktop\end to end project\credit_score_prediction\credit_score_classification\credit_score\pipeline\training_pipeline.py] at 
                        try block line number: [69] execption block line number: [73]
                        error message: [
                        error occured in script: 
                        [C:\Users\Sumeet Maheshwari\Desktop\end to end project\credit_score_prediction\credit_score_classification\credit_score\pipeline\training_pipeline.py] at 
                        try block line number: [53] execption block line number: [59]
                        error message: [
                        error occured in script: 
                        [C:\Users\Sumeet Maheshwari\Desktop\end to end project\credit_score_prediction\credit_score_classification\credit_score\config\Configuration.py] at 
                        try block line number: [126] execption block line number: [148]
                        error message: ['transformed_dir']]]
[2023-04-25 18:04:03,510] root - INFO - 
******************** Training Pipeline Complete ********************


