[2023-04-23 09:30:44,138] numexpr.utils - INFO - NumExpr defaulting to 8 threads.
[2023-04-23 09:30:45,855] root - INFO - Training Pipeline Config: TrainingPipelineConfig(artifact_dir='C:\\Users\\Sumeet Maheshwari\\Desktop\\end to end project\\credit_score_prediction\\credit_score_classification\\Credit_score_Classification\\artifact')
[2023-04-23 09:30:45,856] root - INFO - Data Ingestion Config : DataIngestionConfig(dataset_download_url='https://github.com/sumeet0701/credit_score_classification/blob/main/dataset/dataset_clean.zip?raw=true', tgz_download_dir='C:\\Users\\Sumeet Maheshwari\\Desktop\\end to end project\\credit_score_prediction\\credit_score_classification\\Credit_score_Classification\\artifact\\data_ingestion\\2023-04-23-09-30-43\\tgz_data', raw_data_dir='C:\\Users\\Sumeet Maheshwari\\Desktop\\end to end project\\credit_score_prediction\\credit_score_classification\\Credit_score_Classification\\artifact\\data_ingestion\\2023-04-23-09-30-43\\raw_data', ingested_train_dir='C:\\Users\\Sumeet Maheshwari\\Desktop\\end to end project\\credit_score_prediction\\credit_score_classification\\Credit_score_Classification\\artifact\\data_ingestion\\2023-04-23-09-30-43\\ingested_data\\train', ingested_test_dir='C:\\Users\\Sumeet Maheshwari\\Desktop\\end to end project\\credit_score_prediction\\credit_score_classification\\Credit_score_Classification\\artifact\\data_ingestion\\2023-04-23-09-30-43\\ingested_data\\test') 
[2023-04-23 09:30:45,857] root - INFO - 
******************** Data Ingestion log started ********************

[2023-04-23 09:30:45,861] root - INFO - Connection with DB created successfully!!!
[2023-04-23 09:30:45,862] root - INFO - Downloading file from: [https://github.com/sumeet0701/credit_score_classification/blob/main/dataset/dataset_clean.zip?raw=true] into : [C:\Users\Sumeet Maheshwari\Desktop\end to end project\credit_score_prediction\credit_score_classification\Credit_score_Classification\artifact\data_ingestion\2023-04-23-09-30-43\tgz_data\rental_bike_data.zip]
[2023-04-23 09:30:56,571] root - INFO - File: [C:\Users\Sumeet Maheshwari\Desktop\end to end project\credit_score_prediction\credit_score_classification\Credit_score_Classification\artifact\data_ingestion\2023-04-23-09-30-43\tgz_data\rental_bike_data.zip] has been downloaded successfully
[2023-04-23 09:30:56,572] root - INFO - Extracting zipped file : [C:\Users\Sumeet Maheshwari\Desktop\end to end project\credit_score_prediction\credit_score_classification\Credit_score_Classification\artifact\data_ingestion\2023-04-23-09-30-43\tgz_data\rental_bike_data.zip] into dir: [C:\Users\Sumeet Maheshwari\Desktop\end to end project\credit_score_prediction\credit_score_classification\Credit_score_Classification\artifact\data_ingestion\2023-04-23-09-30-43\raw_data]
[2023-04-23 09:30:56,665] root - INFO - Extraction completed successfully
[2023-04-23 09:30:58,063] root - INFO - Inserting file: [clean_df.csv] into DB
[2023-04-23 09:30:58,063] root - INFO - Inserting data into database:[Credit_score_DB] in collection: [Credit_score_data]
[2023-04-23 09:31:00,418] root - INFO - Insertion into DB is successful!!! 
[2023-04-23 09:31:00,418] root - INFO - Fetching entire data from DB
[2023-04-23 09:31:01,880] root - INFO - Data Fetched from collection: [None] successfully!!!
[2023-04-23 09:31:01,881] root - ERROR - 
                        error occured in script: 
                        [C:\Users\Sumeet Maheshwari\Desktop\end to end project\credit_score_prediction\credit_score_classification\credit_score\pipeline\training_pipeline.py] at 
                        try block line number: [34] execption block line number: [37]
                        error message: [
                        error occured in script: 
                        [C:\Users\Sumeet Maheshwari\Desktop\end to end project\credit_score_prediction\credit_score_classification\credit_score\pipeline\training_pipeline.py] at 
                        try block line number: [26] execption block line number: [28]
                        error message: [
                        error occured in script: 
                        [C:\Users\Sumeet Maheshwari\Desktop\end to end project\credit_score_prediction\credit_score_classification\credit_score\components\data_ingestion.py] at 
                        try block line number: [141] execption block line number: [143]
                        error message: [
                        error occured in script: 
                        [C:\Users\Sumeet Maheshwari\Desktop\end to end project\credit_score_prediction\credit_score_classification\credit_score\components\data_ingestion.py] at 
                        try block line number: [97] execption block line number: [134]
                        error message: ["['ssn', 'name', 'id', 'customer_id'] not found in axis"]]]]
[2023-04-23 09:31:02,012] root - INFO - 
******************** Data Ingestion log completed ********************

